<?xml version="1.0" encoding="UTF-8"?>
<testsuites name="UpdateTransaction" time="133" tests="0" failures="3" errors="0">
   <testsuite name="UpdateTransaction" tests="0" failures="3" errors="0" time="133" timestamp="2018-05-10 12:58:49" hostname="MSI-GE72VR - 10.80.125.96" id="Test Suites/UpdateTransaction">
      <properties>
         <property name="deviceName" value=""/>
         <property name="devicePlatform" value=""/>
         <property name="logFolder" value="C:\\Users\\MSI-GE72VR\\git\\Project234-Katalon\\Reports\\UpdateTransaction\\20180510_125848"/>
         <property name="logFiles" value="C:\\Users\\MSI-GE72VR\\git\\Project234-Katalon\\Reports\\UpdateTransaction\\20180510_125848\\execution0.log"/>
         <property name="attachments" value="C:\\Users\\MSI-GE72VR\\git\\Project234-Katalon\\Reports\\UpdateTransaction\\20180510_125848\\1525931976305.png, C:\\Users\\MSI-GE72VR\\git\\Project234-Katalon\\Reports\\UpdateTransaction\\20180510_125848\\1525932015476.png, C:\\Users\\MSI-GE72VR\\git\\Project234-Katalon\\Reports\\UpdateTransaction\\20180510_125848\\1525932061609.png"/>
         <property name="hostName" value="MSI-GE72VR - 10.80.125.96"/>
         <property name="os" value="Windows 10 64bit"/>
         <property name="katalonVersion" value="5.4.0.1"/>
         <property name="browser" value="Chrome 66.0.3359.139"/>
         <property name="hostAddress" value="10.80.125.96"/>
         <property name="sessionId" value="b2ac4bab69e3d11d438c5988a850e1ff"/>
         <property name="seleniumVersion" value="3.7.1"/>
         <property name="proxyInformation" value="ProxyInformation{proxyOption=NO_PROXY, proxyServerType=HTTP, password=, proxyServerAddress=, proxyServerPort=0}"/>
         <property name="platform" value="Windows 10"/>
      </properties>
      <testcase name="Test Cases/TestUpdateTransaction" classname="Test Cases/TestUpdateTransaction" status="FAILED">
         <failure type="FAILED" message="Unable to click on object 'Object Repository/TestUpdateTransaction/button_confirm' (Root cause: com.kms.katalon.core.webui.exception.WebElementNotFoundException: Web element with id: 'Object Repository/TestUpdateTransaction/button_confirm' located by 'By.xpath: //button[@type = 'button' and (text() = ' confirm' or . = ' confirm')]' not found)"/>
         <system-out><![CDATA[2018-05-10 12:58:49 - [TEST_CASE][FAILED] - Test Cases/TestUpdateTransaction: Test Cases/TestUpdateTransaction FAILED because (of) Unable to click on object 'Object Repository/TestUpdateTransaction/button_confirm' (Root cause: com.kms.katalon.core.webui.exception.WebElementNotFoundException: Web element with id: 'Object Repository/TestUpdateTransaction/button_confirm' located by 'By.xpath: //button[@type = 'button' and (text() = ' confirm' or . = ' confirm')]' not found)

2018-05-10 12:58:49 - [TEST_STEP][PASSED] - openBrowser: Browser is opened with url: ''

2018-05-10 12:58:53 - [MESSAGE][PASSED] - Browser is opened with url: ''

2018-05-10 12:58:53 - [TEST_STEP][PASSED] - navigateToUrl: Navigate to 'http://34.213.239.153:8086/' successfully

2018-05-10 12:58:58 - [MESSAGE][PASSED] - Navigate to 'http://34.213.239.153:8086/' successfully

2018-05-10 12:58:58 - [TEST_STEP][PASSED] - setText: Text 'admin' is set on object 'Object Repository/TestUpdateTransaction/input_username'

2018-05-10 12:58:58 - [MESSAGE][PASSED] - Text 'admin' is set on object 'Object Repository/TestUpdateTransaction/input_username'

2018-05-10 12:58:58 - [TEST_STEP][PASSED] - setText: Text 'admin' is set on object 'Object Repository/TestUpdateTransaction/input_password'

2018-05-10 12:58:58 - [MESSAGE][PASSED] - Text 'admin' is set on object 'Object Repository/TestUpdateTransaction/input_password'

2018-05-10 12:58:58 - [TEST_STEP][PASSED] - click: Object: 'Object Repository/TestUpdateTransaction/button_Login' is clicked on

2018-05-10 12:58:58 - [MESSAGE][PASSED] - Object: 'Object Repository/TestUpdateTransaction/button_Login' is clicked on

2018-05-10 12:58:58 - [TEST_STEP][PASSED] - click: Object: 'Object Repository/TestUpdateTransaction/a_Total Transaction' is clicked on

2018-05-10 12:58:59 - [MESSAGE][PASSED] - Object: 'Object Repository/TestUpdateTransaction/a_Total Transaction' is clicked on

2018-05-10 12:58:59 - [TEST_STEP][PASSED] - delay: Delayed 5 second(s)

2018-05-10 12:59:04 - [MESSAGE][PASSED] - Delayed 5 second(s)

2018-05-10 12:59:04 - [TEST_STEP][PASSED] - Statement - oldTotalPrice = com.kms.katalon.core.webui.keyword.WebUiBuiltInKeywords.getText(com.kms.katalon.core.testobject.ObjectRepository.findTestObject(TestUpdateTransaction/Old admin total price)): Text of object 'Object Repository/TestUpdateTransaction/Old admin total price' is: 'Total price: 542,170 THB'

2018-05-10 12:59:05 - [MESSAGE][PASSED] - Text of object 'Object Repository/TestUpdateTransaction/Old admin total price' is: 'Total price: 542,170 THB'

2018-05-10 12:59:05 - [TEST_STEP][PASSED] - Statement - oldTotalPrice = oldTotalPrice.replaceAll("Total price: ", ""): null

2018-05-10 12:59:05 - [TEST_STEP][PASSED] - Statement - println(oldTotalPrice): null

2018-05-10 12:59:05 - [TEST_STEP][PASSED] - Statement - oldTotalPrice = oldTotalPrice.replaceAll(" THB", ""): null

2018-05-10 12:59:05 - [TEST_STEP][PASSED] - Statement - println(oldTotalPrice): null

2018-05-10 12:59:05 - [TEST_STEP][PASSED] - Statement - oldTotalPrice = oldTotalPrice.replaceAll(",", ""): null

2018-05-10 12:59:05 - [TEST_STEP][PASSED] - Statement - println(oldTotalPrice): null

2018-05-10 12:59:05 - [TEST_STEP][PASSED] - Statement - oldTotalPrice = java.lang.Integer.parseInt(oldTotalPrice): null

2018-05-10 12:59:05 - [TEST_STEP][PASSED] - Statement - println(oldTotalPrice): null

2018-05-10 12:59:05 - [TEST_STEP][PASSED] - click: Object: 'Object Repository/TestUpdateTransaction/button_Logout' is clicked on

2018-05-10 12:59:05 - [MESSAGE][PASSED] - Object: 'Object Repository/TestUpdateTransaction/button_Logout' is clicked on

2018-05-10 12:59:05 - [TEST_STEP][PASSED] - setText: Text 'admin' is set on object 'Object Repository/TestUpdateTransaction/input_username'

2018-05-10 12:59:05 - [MESSAGE][PASSED] - Text 'admin' is set on object 'Object Repository/TestUpdateTransaction/input_username'

2018-05-10 12:59:05 - [TEST_STEP][PASSED] - setText: Text 'admin' is set on object 'Object Repository/TestUpdateTransaction/input_password'

2018-05-10 12:59:05 - [MESSAGE][PASSED] - Text 'admin' is set on object 'Object Repository/TestUpdateTransaction/input_password'

2018-05-10 12:59:05 - [TEST_STEP][PASSED] - click: Object: 'Object Repository/TestUpdateTransaction/button_Login' is clicked on

2018-05-10 12:59:05 - [MESSAGE][PASSED] - Object: 'Object Repository/TestUpdateTransaction/button_Login' is clicked on

2018-05-10 12:59:05 - [TEST_STEP][PASSED] - click: Object: 'Object Repository/TestUpdateTransaction/button_add to cart' is clicked on

2018-05-10 12:59:05 - [MESSAGE][PASSED] - Object: 'Object Repository/TestUpdateTransaction/button_add to cart' is clicked on

2018-05-10 12:59:05 - [TEST_STEP][PASSED] - click: Object: 'Object Repository/TestUpdateTransaction/button_add to cart' is clicked on

2018-05-10 12:59:05 - [MESSAGE][PASSED] - Object: 'Object Repository/TestUpdateTransaction/button_add to cart' is clicked on

2018-05-10 12:59:05 - [TEST_STEP][PASSED] - click: Object: 'Object Repository/TestUpdateTransaction/cart' is clicked on

2018-05-10 12:59:05 - [MESSAGE][PASSED] - Object: 'Object Repository/TestUpdateTransaction/cart' is clicked on

2018-05-10 12:59:05 - [TEST_STEP][PASSED] - Statement - UserTotalPrice = com.kms.katalon.core.webui.keyword.WebUiBuiltInKeywords.getText(com.kms.katalon.core.testobject.ObjectRepository.findTestObject(TestUpdateTransaction/User total price)): Text of object 'Object Repository/TestUpdateTransaction/User total price' is: 'Total price: 542,170 THB'

2018-05-10 12:59:05 - [MESSAGE][PASSED] - Text of object 'Object Repository/TestUpdateTransaction/User total price' is: 'Total price: 542,170 THB'

2018-05-10 12:59:05 - [TEST_STEP][PASSED] - Statement - UserTotalPrice = UserTotalPrice.replaceAll("Total price: ", ""): null

2018-05-10 12:59:05 - [TEST_STEP][PASSED] - Statement - println(UserTotalPrice): null

2018-05-10 12:59:05 - [TEST_STEP][PASSED] - Statement - UserTotalPrice = UserTotalPrice.replaceAll(" THB", ""): null

2018-05-10 12:59:05 - [TEST_STEP][PASSED] - Statement - println(UserTotalPrice): null

2018-05-10 12:59:05 - [TEST_STEP][PASSED] - Statement - UserTotalPrice = UserTotalPrice.replaceAll(",", ""): null

2018-05-10 12:59:05 - [TEST_STEP][PASSED] - Statement - println(UserTotalPrice): null

2018-05-10 12:59:05 - [TEST_STEP][PASSED] - Statement - UserTotalPrice = java.lang.Integer.parseInt(UserTotalPrice): null

2018-05-10 12:59:05 - [TEST_STEP][PASSED] - Statement - println(UserTotalPrice): null

2018-05-10 12:59:05 - [TEST_STEP][FAILED] - click: Unable to click on object 'Object Repository/TestUpdateTransaction/button_confirm' (Root cause: com.kms.katalon.core.webui.exception.WebElementNotFoundException: Web element with id: 'Object Repository/TestUpdateTransaction/button_confirm' located by 'By.xpath: //button[@type = 'button' and (text() = ' confirm' or . = ' confirm')]' not found)

2018-05-10 12:59:36 - [MESSAGE][FAILED] - Unable to click on object 'Object Repository/TestUpdateTransaction/button_confirm' (Root cause: com.kms.katalon.core.webui.exception.WebElementNotFoundException: Web element with id: 'Object Repository/TestUpdateTransaction/button_confirm' located by 'By.xpath: //button[@type = 'button' and (text() = ' confirm' or . = ' confirm')]' not found)
[[ATTACHMENT|C:\\Users\\MSI-GE72VR\\git\\Project234-Katalon\\Reports\\UpdateTransaction\\20180510_125848\\1525931976305.png]]]]></system-out>
         <system-err><![CDATA[2018-05-10 12:58:49 - [TEST_CASE][FAILED] - Test Cases/TestUpdateTransaction: Test Cases/TestUpdateTransaction FAILED because (of) Unable to click on object 'Object Repository/TestUpdateTransaction/button_confirm' (Root cause: com.kms.katalon.core.webui.exception.WebElementNotFoundException: Web element with id: 'Object Repository/TestUpdateTransaction/button_confirm' located by 'By.xpath: //button[@type = 'button' and (text() = ' confirm' or . = ' confirm')]' not found)]]></system-err>
      </testcase>
      <testcase name="Test Cases/TestUpdateTransaction" classname="Test Cases/TestUpdateTransaction" status="FAILED">
         <failure type="FAILED" message="Unable to click on object 'Object Repository/TestUpdateTransaction/a_Total Transaction' (Root cause: com.kms.katalon.core.webui.exception.WebElementNotFoundException: Web element with id: 'Object Repository/TestUpdateTransaction/a_Total Transaction' located by 'By.xpath: //a[@href = '/total' and (text() = 'Total Transaction' or . = 'Total Transaction')]' not found)"/>
         <system-out><![CDATA[2018-05-10 12:59:36 - [TEST_CASE][FAILED] - Test Cases/TestUpdateTransaction: Test Cases/TestUpdateTransaction FAILED because (of) Unable to click on object 'Object Repository/TestUpdateTransaction/a_Total Transaction' (Root cause: com.kms.katalon.core.webui.exception.WebElementNotFoundException: Web element with id: 'Object Repository/TestUpdateTransaction/a_Total Transaction' located by 'By.xpath: //a[@href = '/total' and (text() = 'Total Transaction' or . = 'Total Transaction')]' not found)

2018-05-10 12:59:36 - [TEST_STEP][PASSED] - openBrowser: Browser is opened with url: ''

2018-05-10 12:59:36 - [MESSAGE][WARNING] - A browser is already opened. Closing browser and opening a new one

2018-05-10 12:59:39 - [MESSAGE][PASSED] - Browser is opened with url: ''

2018-05-10 12:59:39 - [TEST_STEP][PASSED] - navigateToUrl: Navigate to 'http://34.213.239.153:8086/' successfully

2018-05-10 12:59:44 - [MESSAGE][PASSED] - Navigate to 'http://34.213.239.153:8086/' successfully

2018-05-10 12:59:44 - [TEST_STEP][PASSED] - setText: Text 'user' is set on object 'Object Repository/TestUpdateTransaction/input_username'

2018-05-10 12:59:44 - [MESSAGE][PASSED] - Text 'user' is set on object 'Object Repository/TestUpdateTransaction/input_username'

2018-05-10 12:59:44 - [TEST_STEP][PASSED] - setText: Text 'user' is set on object 'Object Repository/TestUpdateTransaction/input_password'

2018-05-10 12:59:44 - [MESSAGE][PASSED] - Text 'user' is set on object 'Object Repository/TestUpdateTransaction/input_password'

2018-05-10 12:59:44 - [TEST_STEP][PASSED] - click: Object: 'Object Repository/TestUpdateTransaction/button_Login' is clicked on

2018-05-10 12:59:44 - [MESSAGE][PASSED] - Object: 'Object Repository/TestUpdateTransaction/button_Login' is clicked on

2018-05-10 12:59:44 - [TEST_STEP][FAILED] - click: Unable to click on object 'Object Repository/TestUpdateTransaction/a_Total Transaction' (Root cause: com.kms.katalon.core.webui.exception.WebElementNotFoundException: Web element with id: 'Object Repository/TestUpdateTransaction/a_Total Transaction' located by 'By.xpath: //a[@href = '/total' and (text() = 'Total Transaction' or . = 'Total Transaction')]' not found)

2018-05-10 13:00:15 - [MESSAGE][FAILED] - Unable to click on object 'Object Repository/TestUpdateTransaction/a_Total Transaction' (Root cause: com.kms.katalon.core.webui.exception.WebElementNotFoundException: Web element with id: 'Object Repository/TestUpdateTransaction/a_Total Transaction' located by 'By.xpath: //a[@href = '/total' and (text() = 'Total Transaction' or . = 'Total Transaction')]' not found)
[[ATTACHMENT|C:\\Users\\MSI-GE72VR\\git\\Project234-Katalon\\Reports\\UpdateTransaction\\20180510_125848\\1525932015476.png]]]]></system-out>
         <system-err><![CDATA[2018-05-10 12:59:36 - [TEST_CASE][FAILED] - Test Cases/TestUpdateTransaction: Test Cases/TestUpdateTransaction FAILED because (of) Unable to click on object 'Object Repository/TestUpdateTransaction/a_Total Transaction' (Root cause: com.kms.katalon.core.webui.exception.WebElementNotFoundException: Web element with id: 'Object Repository/TestUpdateTransaction/a_Total Transaction' located by 'By.xpath: //a[@href = '/total' and (text() = 'Total Transaction' or . = 'Total Transaction')]' not found)]]></system-err>
      </testcase>
      <testcase name="Test Cases/TestUpdateTransaction" classname="Test Cases/TestUpdateTransaction" status="FAILED">
         <failure type="FAILED" message="Unable to click on object 'Object Repository/TestUpdateTransaction/button_confirm' (Root cause: com.kms.katalon.core.webui.exception.WebElementNotFoundException: Web element with id: 'Object Repository/TestUpdateTransaction/button_confirm' located by 'By.xpath: //button[@type = 'button' and (text() = ' confirm' or . = ' confirm')]' not found)"/>
         <system-out><![CDATA[2018-05-10 13:00:15 - [TEST_CASE][FAILED] - Test Cases/TestUpdateTransaction: Test Cases/TestUpdateTransaction FAILED because (of) Unable to click on object 'Object Repository/TestUpdateTransaction/button_confirm' (Root cause: com.kms.katalon.core.webui.exception.WebElementNotFoundException: Web element with id: 'Object Repository/TestUpdateTransaction/button_confirm' located by 'By.xpath: //button[@type = 'button' and (text() = ' confirm' or . = ' confirm')]' not found)

2018-05-10 13:00:15 - [TEST_STEP][PASSED] - openBrowser: Browser is opened with url: ''

2018-05-10 13:00:15 - [MESSAGE][WARNING] - A browser is already opened. Closing browser and opening a new one

2018-05-10 13:00:18 - [MESSAGE][PASSED] - Browser is opened with url: ''

2018-05-10 13:00:18 - [TEST_STEP][PASSED] - navigateToUrl: Navigate to 'http://34.213.239.153:8086/' successfully

2018-05-10 13:00:23 - [MESSAGE][PASSED] - Navigate to 'http://34.213.239.153:8086/' successfully

2018-05-10 13:00:23 - [TEST_STEP][PASSED] - setText: Text 'admin' is set on object 'Object Repository/TestUpdateTransaction/input_username'

2018-05-10 13:00:23 - [MESSAGE][PASSED] - Text 'admin' is set on object 'Object Repository/TestUpdateTransaction/input_username'

2018-05-10 13:00:23 - [TEST_STEP][PASSED] - setText: Text 'admin' is set on object 'Object Repository/TestUpdateTransaction/input_password'

2018-05-10 13:00:24 - [MESSAGE][PASSED] - Text 'admin' is set on object 'Object Repository/TestUpdateTransaction/input_password'

2018-05-10 13:00:24 - [TEST_STEP][PASSED] - click: Object: 'Object Repository/TestUpdateTransaction/button_Login' is clicked on

2018-05-10 13:00:24 - [MESSAGE][PASSED] - Object: 'Object Repository/TestUpdateTransaction/button_Login' is clicked on

2018-05-10 13:00:24 - [TEST_STEP][PASSED] - click: Object: 'Object Repository/TestUpdateTransaction/a_Total Transaction' is clicked on

2018-05-10 13:00:25 - [MESSAGE][PASSED] - Object: 'Object Repository/TestUpdateTransaction/a_Total Transaction' is clicked on

2018-05-10 13:00:25 - [TEST_STEP][PASSED] - delay: Delayed 5 second(s)

2018-05-10 13:00:30 - [MESSAGE][PASSED] - Delayed 5 second(s)

2018-05-10 13:00:30 - [TEST_STEP][PASSED] - Statement - oldTotalPrice = com.kms.katalon.core.webui.keyword.WebUiBuiltInKeywords.getText(com.kms.katalon.core.testobject.ObjectRepository.findTestObject(TestUpdateTransaction/Old admin total price)): Text of object 'Object Repository/TestUpdateTransaction/Old admin total price' is: 'Total price: 542,170 THB'

2018-05-10 13:00:30 - [MESSAGE][PASSED] - Text of object 'Object Repository/TestUpdateTransaction/Old admin total price' is: 'Total price: 542,170 THB'

2018-05-10 13:00:30 - [TEST_STEP][PASSED] - Statement - oldTotalPrice = oldTotalPrice.replaceAll("Total price: ", ""): null

2018-05-10 13:00:30 - [TEST_STEP][PASSED] - Statement - println(oldTotalPrice): null

2018-05-10 13:00:30 - [TEST_STEP][PASSED] - Statement - oldTotalPrice = oldTotalPrice.replaceAll(" THB", ""): null

2018-05-10 13:00:30 - [TEST_STEP][PASSED] - Statement - println(oldTotalPrice): null

2018-05-10 13:00:30 - [TEST_STEP][PASSED] - Statement - oldTotalPrice = oldTotalPrice.replaceAll(",", ""): null

2018-05-10 13:00:30 - [TEST_STEP][PASSED] - Statement - println(oldTotalPrice): null

2018-05-10 13:00:30 - [TEST_STEP][PASSED] - Statement - oldTotalPrice = java.lang.Integer.parseInt(oldTotalPrice): null

2018-05-10 13:00:30 - [TEST_STEP][PASSED] - Statement - println(oldTotalPrice): null

2018-05-10 13:00:30 - [TEST_STEP][PASSED] - click: Object: 'Object Repository/TestUpdateTransaction/button_Logout' is clicked on

2018-05-10 13:00:30 - [MESSAGE][PASSED] - Object: 'Object Repository/TestUpdateTransaction/button_Logout' is clicked on

2018-05-10 13:00:30 - [TEST_STEP][PASSED] - setText: Text 'admin' is set on object 'Object Repository/TestUpdateTransaction/input_username'

2018-05-10 13:00:30 - [MESSAGE][PASSED] - Text 'admin' is set on object 'Object Repository/TestUpdateTransaction/input_username'

2018-05-10 13:00:30 - [TEST_STEP][PASSED] - setText: Text 'admin' is set on object 'Object Repository/TestUpdateTransaction/input_password'

2018-05-10 13:00:30 - [MESSAGE][PASSED] - Text 'admin' is set on object 'Object Repository/TestUpdateTransaction/input_password'

2018-05-10 13:00:30 - [TEST_STEP][PASSED] - click: Object: 'Object Repository/TestUpdateTransaction/button_Login' is clicked on

2018-05-10 13:00:30 - [MESSAGE][PASSED] - Object: 'Object Repository/TestUpdateTransaction/button_Login' is clicked on

2018-05-10 13:00:30 - [TEST_STEP][PASSED] - click: Object: 'Object Repository/TestUpdateTransaction/button_add to cart' is clicked on

2018-05-10 13:00:30 - [MESSAGE][PASSED] - Object: 'Object Repository/TestUpdateTransaction/button_add to cart' is clicked on

2018-05-10 13:00:30 - [TEST_STEP][PASSED] - click: Object: 'Object Repository/TestUpdateTransaction/button_add to cart' is clicked on

2018-05-10 13:00:30 - [MESSAGE][PASSED] - Object: 'Object Repository/TestUpdateTransaction/button_add to cart' is clicked on

2018-05-10 13:00:30 - [TEST_STEP][PASSED] - click: Object: 'Object Repository/TestUpdateTransaction/cart' is clicked on

2018-05-10 13:00:30 - [MESSAGE][PASSED] - Object: 'Object Repository/TestUpdateTransaction/cart' is clicked on

2018-05-10 13:00:30 - [TEST_STEP][PASSED] - Statement - UserTotalPrice = com.kms.katalon.core.webui.keyword.WebUiBuiltInKeywords.getText(com.kms.katalon.core.testobject.ObjectRepository.findTestObject(TestUpdateTransaction/User total price)): Text of object 'Object Repository/TestUpdateTransaction/User total price' is: 'Total price: 542,170 THB'

2018-05-10 13:00:30 - [MESSAGE][PASSED] - Text of object 'Object Repository/TestUpdateTransaction/User total price' is: 'Total price: 542,170 THB'

2018-05-10 13:00:30 - [TEST_STEP][PASSED] - Statement - UserTotalPrice = UserTotalPrice.replaceAll("Total price: ", ""): null

2018-05-10 13:00:30 - [TEST_STEP][PASSED] - Statement - println(UserTotalPrice): null

2018-05-10 13:00:30 - [TEST_STEP][PASSED] - Statement - UserTotalPrice = UserTotalPrice.replaceAll(" THB", ""): null

2018-05-10 13:00:30 - [TEST_STEP][PASSED] - Statement - println(UserTotalPrice): null

2018-05-10 13:00:30 - [TEST_STEP][PASSED] - Statement - UserTotalPrice = UserTotalPrice.replaceAll(",", ""): null

2018-05-10 13:00:30 - [TEST_STEP][PASSED] - Statement - println(UserTotalPrice): null

2018-05-10 13:00:30 - [TEST_STEP][PASSED] - Statement - UserTotalPrice = java.lang.Integer.parseInt(UserTotalPrice): null

2018-05-10 13:00:30 - [TEST_STEP][PASSED] - Statement - println(UserTotalPrice): null

2018-05-10 13:00:30 - [TEST_STEP][FAILED] - click: Unable to click on object 'Object Repository/TestUpdateTransaction/button_confirm' (Root cause: com.kms.katalon.core.webui.exception.WebElementNotFoundException: Web element with id: 'Object Repository/TestUpdateTransaction/button_confirm' located by 'By.xpath: //button[@type = 'button' and (text() = ' confirm' or . = ' confirm')]' not found)

2018-05-10 13:01:01 - [MESSAGE][FAILED] - Unable to click on object 'Object Repository/TestUpdateTransaction/button_confirm' (Root cause: com.kms.katalon.core.webui.exception.WebElementNotFoundException: Web element with id: 'Object Repository/TestUpdateTransaction/button_confirm' located by 'By.xpath: //button[@type = 'button' and (text() = ' confirm' or . = ' confirm')]' not found)
[[ATTACHMENT|C:\\Users\\MSI-GE72VR\\git\\Project234-Katalon\\Reports\\UpdateTransaction\\20180510_125848\\1525932061609.png]]]]></system-out>
         <system-err><![CDATA[2018-05-10 13:00:15 - [TEST_CASE][FAILED] - Test Cases/TestUpdateTransaction: Test Cases/TestUpdateTransaction FAILED because (of) Unable to click on object 'Object Repository/TestUpdateTransaction/button_confirm' (Root cause: com.kms.katalon.core.webui.exception.WebElementNotFoundException: Web element with id: 'Object Repository/TestUpdateTransaction/button_confirm' located by 'By.xpath: //button[@type = 'button' and (text() = ' confirm' or . = ' confirm')]' not found)]]></system-err>
      </testcase>
      <system-out><![CDATA[2018-05-10 12:58:49 - [TEST_SUITE][FAILED] - UpdateTransaction: Test Cases/TestUpdateTransaction FAILED because (of) Unable to click on object 'Object Repository/TestUpdateTransaction/button_confirm' (Root cause: com.kms.katalon.core.webui.exception.WebElementNotFoundException: Web element with id: 'Object Repository/TestUpdateTransaction/button_confirm' located by 'By.xpath: //button[@type = 'button' and (text() = ' confirm' or . = ' confirm')]' not found)]]></system-out>
      <system-err><![CDATA[2018-05-10 12:58:49 - [TEST_SUITE][FAILED] - UpdateTransaction: Test Cases/TestUpdateTransaction FAILED because (of) Unable to click on object 'Object Repository/TestUpdateTransaction/button_confirm' (Root cause: com.kms.katalon.core.webui.exception.WebElementNotFoundException: Web element with id: 'Object Repository/TestUpdateTransaction/button_confirm' located by 'By.xpath: //button[@type = 'button' and (text() = ' confirm' or . = ' confirm')]' not found)]]></system-err>
   </testsuite>
</testsuites>
